# JRE version: Java(TM) SE Runtime Environment (8.0_66-b18) (build 1.8.0_66-b18)
# Java VM: Java HotSpot(TM) 64-Bit Server VM (25.66-b18 mixed mode windows-amd64 compressed oops)
Heap:
 PSYoungGen      total 297984K, used 53155K [0x00000000d5580000, 0x00000000e9980000, 0x0000000100000000)
  eden space 266240K, 19% used [0x00000000d5580000,0x00000000d8968c20,0x00000000e5980000)
  from space 31744K, 0% used [0x00000000e7a80000,0x00000000e7a80000,0x00000000e9980000)
  to   space 32768K, 0% used [0x00000000e5980000,0x00000000e5980000,0x00000000e7980000)
 ParOldGen       total 111616K, used 42254K [0x0000000080000000, 0x0000000086d00000, 0x00000000d5580000)
  object space 111616K, 37% used [0x0000000080000000,0x0000000082943868,0x0000000086d00000)
 Metaspace       used 22378K, capacity 22934K, committed 23168K, reserved 1069056K
  class space    used 2417K, capacity 2606K, committed 2688K, reserved 1048576K
GC Heap History (10 events):
Event: 3.535 GC heap before
{Heap before GC invocations=3 (full 0):
 PSYoungGen      total 71680K, used 71579K [0x00000000d5580000, 0x00000000da080000, 0x0000000100000000)
  eden space 66560K, 100% used [0x00000000d5580000,0x00000000d9680000,0x00000000d9680000)
  from space 5120K, 98% used [0x00000000d9b80000,0x00000000da066d70,0x00000000da080000)
  to   space 5120K, 0% used [0x00000000d9680000,0x00000000d9680000,0x00000000d9b80000)
 ParOldGen       total 87552K, used 16K [0x0000000080000000, 0x0000000085580000, 0x00000000d5580000)
  object space 87552K, 0% used [0x0000000080000000,0x0000000080004000,0x0000000085580000)
 Metaspace       used 12088K, capacity 12242K, committed 12416K, reserved 1060864K
  class space    used 1247K, capacity 1285K, committed 1408K, reserved 1048576K
Event: 3.550 GC heap after
Heap after GC invocations=3 (full 0):
 PSYoungGen      total 71680K, used 5112K [0x00000000d5580000, 0x00000000de180000, 0x0000000100000000)
  eden space 66560K, 0% used [0x00000000d5580000,0x00000000d5580000,0x00000000d9680000)
  from space 5120K, 99% used [0x00000000d9680000,0x00000000d9b7e288,0x00000000d9b80000)
  to   space 5120K, 0% used [0x00000000ddc80000,0x00000000ddc80000,0x00000000de180000)
 ParOldGen       total 87552K, used 1892K [0x0000000080000000, 0x0000000085580000, 0x00000000d5580000)
  object space 87552K, 2% used [0x0000000080000000,0x00000000801d91e8,0x0000000085580000)
 Metaspace       used 12088K, capacity 12242K, committed 12416K, reserved 1060864K
  class space    used 1247K, capacity 1285K, committed 1408K, reserved 1048576K
}
Event: 5.056 GC heap before
{Heap before GC invocations=4 (full 0):
 PSYoungGen      total 71680K, used 71672K [0x00000000d5580000, 0x00000000de180000, 0x0000000100000000)
  eden space 66560K, 100% used [0x00000000d5580000,0x00000000d9680000,0x00000000d9680000)
  from space 5120K, 99% used [0x00000000d9680000,0x00000000d9b7e288,0x00000000d9b80000)
  to   space 5120K, 0% used [0x00000000ddc80000,0x00000000ddc80000,0x00000000de180000)
 ParOldGen       total 87552K, used 1892K [0x0000000080000000, 0x0000000085580000, 0x00000000d5580000)
  object space 87552K, 2% used [0x0000000080000000,0x00000000801d91e8,0x0000000085580000)
 Metaspace       used 16618K, capacity 16934K, committed 17152K, reserved 1064960K
  class space    used 1823K, capacity 1936K, committed 2048K, reserved 1048576K
Event: 5.074 GC heap after
Heap after GC invocations=4 (full 0):
 PSYoungGen      total 138240K, used 5088K [0x00000000d5580000, 0x00000000de180000, 0x0000000100000000)
  eden space 133120K, 0% used [0x00000000d5580000,0x00000000d5580000,0x00000000dd780000)
  from space 5120K, 99% used [0x00000000ddc80000,0x00000000de178040,0x00000000de180000)
  to   space 5120K, 0% used [0x00000000dd780000,0x00000000dd780000,0x00000000ddc80000)
 ParOldGen       total 87552K, used 8669K [0x0000000080000000, 0x0000000085580000, 0x00000000d5580000)
  object space 87552K, 9% used [0x0000000080000000,0x00000000808776e0,0x0000000085580000)
 Metaspace       used 16618K, capacity 16934K, committed 17152K, reserved 1064960K
  class space    used 1823K, capacity 1936K, committed 2048K, reserved 1048576K
}
Event: 6.794 GC heap before
{Heap before GC invocations=5 (full 0):
 PSYoungGen      total 138240K, used 138208K [0x00000000d5580000, 0x00000000de180000, 0x0000000100000000)
  eden space 133120K, 100% used [0x00000000d5580000,0x00000000dd780000,0x00000000dd780000)
  from space 5120K, 99% used [0x00000000ddc80000,0x00000000de178040,0x00000000de180000)
  to   space 5120K, 0% used [0x00000000dd780000,0x00000000dd780000,0x00000000ddc80000)
 ParOldGen       total 87552K, used 8669K [0x0000000080000000, 0x0000000085580000, 0x00000000d5580000)
  object space 87552K, 9% used [0x0000000080000000,0x00000000808776e0,0x0000000085580000)
 Metaspace       used 20627K, capacity 21132K, committed 21296K, reserved 1069056K
  class space    used 2282K, capacity 2450K, committed 2560K, reserved 1048576K
Event: 6.832 GC heap after
Heap after GC invocations=5 (full 0):
 PSYoungGen      total 138240K, used 5120K [0x00000000d5580000, 0x00000000e9b80000, 0x0000000100000000)
  eden space 133120K, 0% used [0x00000000d5580000,0x00000000d5580000,0x00000000dd780000)
  from space 5120K, 100% used [0x00000000dd780000,0x00000000ddc80000,0x00000000ddc80000)
  to   space 33792K, 0% used [0x00000000e7a80000,0x00000000e7a80000,0x00000000e9b80000)
 ParOldGen       total 87552K, used 43545K [0x0000000080000000, 0x0000000085580000, 0x00000000d5580000)
  object space 87552K, 49% used [0x0000000080000000,0x0000000082a864e8,0x0000000085580000)
 Metaspace       used 20627K, capacity 21132K, committed 21296K, reserved 1069056K
  class space    used 2282K, capacity 2450K, committed 2560K, reserved 1048576K
}
Event: 6.920 GC heap before
{Heap before GC invocations=6 (full 0):
 PSYoungGen      total 138240K, used 18530K [0x00000000d5580000, 0x00000000e9b80000, 0x0000000100000000)
  eden space 133120K, 10% used [0x00000000d5580000,0x00000000d6298820,0x00000000dd780000)
  from space 5120K, 100% used [0x00000000dd780000,0x00000000ddc80000,0x00000000ddc80000)
  to   space 33792K, 0% used [0x00000000e7a80000,0x00000000e7a80000,0x00000000e9b80000)
 ParOldGen       total 87552K, used 43545K [0x0000000080000000, 0x0000000085580000, 0x00000000d5580000)
  object space 87552K, 49% used [0x0000000080000000,0x0000000082a864e8,0x0000000085580000)
 Metaspace       used 20670K, capacity 21132K, committed 21296K, reserved 1069056K
  class space    used 2282K, capacity 2450K, committed 2560K, reserved 1048576K
Event: 6.938 GC heap after
Heap after GC invocations=6 (full 0):
 PSYoungGen      total 297984K, used 5152K [0x00000000d5580000, 0x00000000e9980000, 0x0000000100000000)
  eden space 266240K, 0% used [0x00000000d5580000,0x00000000d5580000,0x00000000e5980000)
  from space 31744K, 16% used [0x00000000e7a80000,0x00000000e7f88000,0x00000000e9980000)
  to   space 32768K, 0% used [0x00000000e5980000,0x00000000e5980000,0x00000000e7980000)
 ParOldGen       total 87552K, used 43553K [0x0000000080000000, 0x0000000085580000, 0x00000000d5580000)
  object space 87552K, 49% used [0x0000000080000000,0x0000000082a884e8,0x0000000085580000)
 Metaspace       used 20670K, capacity 21132K, committed 21296K, reserved 1069056K
  class space    used 2282K, capacity 2450K, committed 2560K, reserved 1048576K
}
Event: 6.938 GC heap before
{Heap before GC invocations=7 (full 1):
 PSYoungGen      total 297984K, used 5152K [0x00000000d5580000, 0x00000000e9980000, 0x0000000100000000)
  eden space 266240K, 0% used [0x00000000d5580000,0x00000000d5580000,0x00000000e5980000)
  from space 31744K, 16% used [0x00000000e7a80000,0x00000000e7f88000,0x00000000e9980000)
  to   space 32768K, 0% used [0x00000000e5980000,0x00000000e5980000,0x00000000e7980000)
 ParOldGen       total 87552K, used 43553K [0x0000000080000000, 0x0000000085580000, 0x00000000d5580000)
  object space 87552K, 49% used [0x0000000080000000,0x0000000082a884e8,0x0000000085580000)
 Metaspace       used 20670K, capacity 21132K, committed 21296K, reserved 1069056K
  class space    used 2282K, capacity 2450K, committed 2560K, reserved 1048576K
Event: 7.068 GC heap after
Heap after GC invocations=7 (full 1):
 PSYoungGen      total 297984K, used 0K [0x00000000d5580000, 0x00000000e9980000, 0x0000000100000000)
  eden space 266240K, 0% used [0x00000000d5580000,0x00000000d5580000,0x00000000e5980000)
  from space 31744K, 0% used [0x00000000e7a80000,0x00000000e7a80000,0x00000000e9980000)
  to   space 32768K, 0% used [0x00000000e5980000,0x00000000e5980000,0x00000000e7980000)
 ParOldGen       total 111616K, used 42254K [0x0000000080000000, 0x0000000086d00000, 0x00000000d5580000)
  object space 111616K, 37% used [0x0000000080000000,0x0000000082943868,0x0000000086d00000)
 Metaspace       used 20670K, capacity 21132K, committed 21296K, reserved 1069056K
  class space    used 2282K, capacity 2450K, committed 2560K, reserved 1048576K
}

