# JRE version: Java(TM) SE Runtime Environment (8.0_66-b18) (build 1.8.0_66-b18)
# Java VM: Java HotSpot(TM) 64-Bit Server VM (25.66-b18 mixed mode windows-amd64 compressed oops)
Heap:
 PSYoungGen      total 297984K, used 53161K [0x00000000d5580000, 0x00000000e9980000, 0x0000000100000000)
  eden space 266240K, 19% used [0x00000000d5580000,0x00000000d896a4e8,0x00000000e5980000)
  from space 31744K, 0% used [0x00000000e7a80000,0x00000000e7a80000,0x00000000e9980000)
  to   space 32768K, 0% used [0x00000000e5980000,0x00000000e5980000,0x00000000e7980000)
 ParOldGen       total 116736K, used 44664K [0x0000000080000000, 0x0000000087200000, 0x00000000d5580000)
  object space 116736K, 38% used [0x0000000080000000,0x0000000082b9e3c8,0x0000000087200000)
 Metaspace       used 22364K, capacity 22870K, committed 22960K, reserved 1069056K
  class space    used 2417K, capacity 2606K, committed 2688K, reserved 1048576K
GC Heap History (10 events):
Event: 2.858 GC heap before
{Heap before GC invocations=3 (full 0):
 PSYoungGen      total 71680K, used 71554K [0x00000000d5580000, 0x00000000da080000, 0x0000000100000000)
  eden space 66560K, 100% used [0x00000000d5580000,0x00000000d9680000,0x00000000d9680000)
  from space 5120K, 97% used [0x00000000d9b80000,0x00000000da060ab8,0x00000000da080000)
  to   space 5120K, 0% used [0x00000000d9680000,0x00000000d9680000,0x00000000d9b80000)
 ParOldGen       total 87552K, used 8K [0x0000000080000000, 0x0000000085580000, 0x00000000d5580000)
  object space 87552K, 0% used [0x0000000080000000,0x0000000080002000,0x0000000085580000)
 Metaspace       used 12079K, capacity 12242K, committed 12416K, reserved 1060864K
  class space    used 1247K, capacity 1285K, committed 1408K, reserved 1048576K
Event: 2.868 GC heap after
Heap after GC invocations=3 (full 0):
 PSYoungGen      total 71680K, used 5096K [0x00000000d5580000, 0x00000000de180000, 0x0000000100000000)
  eden space 66560K, 0% used [0x00000000d5580000,0x00000000d5580000,0x00000000d9680000)
  from space 5120K, 99% used [0x00000000d9680000,0x00000000d9b7a258,0x00000000d9b80000)
  to   space 5120K, 0% used [0x00000000ddc80000,0x00000000ddc80000,0x00000000de180000)
 ParOldGen       total 87552K, used 1869K [0x0000000080000000, 0x0000000085580000, 0x00000000d5580000)
  object space 87552K, 2% used [0x0000000080000000,0x00000000801d3730,0x0000000085580000)
 Metaspace       used 12079K, capacity 12242K, committed 12416K, reserved 1060864K
  class space    used 1247K, capacity 1285K, committed 1408K, reserved 1048576K
}
Event: 3.844 GC heap before
{Heap before GC invocations=4 (full 0):
 PSYoungGen      total 71680K, used 71656K [0x00000000d5580000, 0x00000000de180000, 0x0000000100000000)
  eden space 66560K, 100% used [0x00000000d5580000,0x00000000d9680000,0x00000000d9680000)
  from space 5120K, 99% used [0x00000000d9680000,0x00000000d9b7a258,0x00000000d9b80000)
  to   space 5120K, 0% used [0x00000000ddc80000,0x00000000ddc80000,0x00000000de180000)
 ParOldGen       total 87552K, used 1869K [0x0000000080000000, 0x0000000085580000, 0x00000000d5580000)
  object space 87552K, 2% used [0x0000000080000000,0x00000000801d3730,0x0000000085580000)
 Metaspace       used 16603K, capacity 16934K, committed 17152K, reserved 1064960K
  class space    used 1823K, capacity 1936K, committed 2048K, reserved 1048576K
Event: 3.861 GC heap after
Heap after GC invocations=4 (full 0):
 PSYoungGen      total 138240K, used 5096K [0x00000000d5580000, 0x00000000de180000, 0x0000000100000000)
  eden space 133120K, 0% used [0x00000000d5580000,0x00000000d5580000,0x00000000dd780000)
  from space 5120K, 99% used [0x00000000ddc80000,0x00000000de17a278,0x00000000de180000)
  to   space 5120K, 0% used [0x00000000dd780000,0x00000000dd780000,0x00000000ddc80000)
 ParOldGen       total 87552K, used 8601K [0x0000000080000000, 0x0000000085580000, 0x00000000d5580000)
  object space 87552K, 9% used [0x0000000080000000,0x0000000080866580,0x0000000085580000)
 Metaspace       used 16603K, capacity 16934K, committed 17152K, reserved 1064960K
  class space    used 1823K, capacity 1936K, committed 2048K, reserved 1048576K
}
Event: 5.359 GC heap before
{Heap before GC invocations=5 (full 0):
 PSYoungGen      total 138240K, used 138216K [0x00000000d5580000, 0x00000000de180000, 0x0000000100000000)
  eden space 133120K, 100% used [0x00000000d5580000,0x00000000dd780000,0x00000000dd780000)
  from space 5120K, 99% used [0x00000000ddc80000,0x00000000de17a278,0x00000000de180000)
  to   space 5120K, 0% used [0x00000000dd780000,0x00000000dd780000,0x00000000ddc80000)
 ParOldGen       total 87552K, used 8601K [0x0000000080000000, 0x0000000085580000, 0x00000000d5580000)
  object space 87552K, 9% used [0x0000000080000000,0x0000000080866580,0x0000000085580000)
 Metaspace       used 20611K, capacity 21126K, committed 21296K, reserved 1069056K
  class space    used 2281K, capacity 2449K, committed 2560K, reserved 1048576K
Event: 5.399 GC heap after
Heap after GC invocations=5 (full 0):
 PSYoungGen      total 138240K, used 5120K [0x00000000d5580000, 0x00000000e9b80000, 0x0000000100000000)
  eden space 133120K, 0% used [0x00000000d5580000,0x00000000d5580000,0x00000000dd780000)
  from space 5120K, 100% used [0x00000000dd780000,0x00000000ddc80000,0x00000000ddc80000)
  to   space 33792K, 0% used [0x00000000e7a80000,0x00000000e7a80000,0x00000000e9b80000)
 ParOldGen       total 87552K, used 43556K [0x0000000080000000, 0x0000000085580000, 0x00000000d5580000)
  object space 87552K, 49% used [0x0000000080000000,0x0000000082a89250,0x0000000085580000)
 Metaspace       used 20611K, capacity 21126K, committed 21296K, reserved 1069056K
  class space    used 2281K, capacity 2449K, committed 2560K, reserved 1048576K
}
Event: 5.508 GC heap before
{Heap before GC invocations=6 (full 0):
 PSYoungGen      total 138240K, used 26438K [0x00000000d5580000, 0x00000000e9b80000, 0x0000000100000000)
  eden space 133120K, 16% used [0x00000000d5580000,0x00000000d6a519e8,0x00000000dd780000)
  from space 5120K, 100% used [0x00000000dd780000,0x00000000ddc80000,0x00000000ddc80000)
  to   space 33792K, 0% used [0x00000000e7a80000,0x00000000e7a80000,0x00000000e9b80000)
 ParOldGen       total 87552K, used 43556K [0x0000000080000000, 0x0000000085580000, 0x00000000d5580000)
  object space 87552K, 49% used [0x0000000080000000,0x0000000082a89250,0x0000000085580000)
 Metaspace       used 20672K, capacity 21138K, committed 21296K, reserved 1069056K
  class space    used 2282K, capacity 2451K, committed 2560K, reserved 1048576K
Event: 5.522 GC heap after
Heap after GC invocations=6 (full 0):
 PSYoungGen      total 297984K, used 5280K [0x00000000d5580000, 0x00000000e9980000, 0x0000000100000000)
  eden space 266240K, 0% used [0x00000000d5580000,0x00000000d5580000,0x00000000e5980000)
  from space 31744K, 16% used [0x00000000e7a80000,0x00000000e7fa82d0,0x00000000e9980000)
  to   space 32768K, 0% used [0x00000000e5980000,0x00000000e5980000,0x00000000e7980000)
 ParOldGen       total 87552K, used 43564K [0x0000000080000000, 0x0000000085580000, 0x00000000d5580000)
  object space 87552K, 49% used [0x0000000080000000,0x0000000082a8b250,0x0000000085580000)
 Metaspace       used 20672K, capacity 21138K, committed 21296K, reserved 1069056K
  class space    used 2282K, capacity 2451K, committed 2560K, reserved 1048576K
}
Event: 5.522 GC heap before
{Heap before GC invocations=7 (full 1):
 PSYoungGen      total 297984K, used 5280K [0x00000000d5580000, 0x00000000e9980000, 0x0000000100000000)
  eden space 266240K, 0% used [0x00000000d5580000,0x00000000d5580000,0x00000000e5980000)
  from space 31744K, 16% used [0x00000000e7a80000,0x00000000e7fa82d0,0x00000000e9980000)
  to   space 32768K, 0% used [0x00000000e5980000,0x00000000e5980000,0x00000000e7980000)
 ParOldGen       total 87552K, used 43564K [0x0000000080000000, 0x0000000085580000, 0x00000000d5580000)
  object space 87552K, 49% used [0x0000000080000000,0x0000000082a8b250,0x0000000085580000)
 Metaspace       used 20672K, capacity 21138K, committed 21296K, reserved 1069056K
  class space    used 2282K, capacity 2451K, committed 2560K, reserved 1048576K
Event: 5.636 GC heap after
Heap after GC invocations=7 (full 1):
 PSYoungGen      total 297984K, used 0K [0x00000000d5580000, 0x00000000e9980000, 0x0000000100000000)
  eden space 266240K, 0% used [0x00000000d5580000,0x00000000d5580000,0x00000000e5980000)
  from space 31744K, 0% used [0x00000000e7a80000,0x00000000e7a80000,0x00000000e9980000)
  to   space 32768K, 0% used [0x00000000e5980000,0x00000000e5980000,0x00000000e7980000)
 ParOldGen       total 116736K, used 44664K [0x0000000080000000, 0x0000000087200000, 0x00000000d5580000)
  object space 116736K, 38% used [0x0000000080000000,0x0000000082b9e3c8,0x0000000087200000)
 Metaspace       used 20672K, capacity 21138K, committed 21296K, reserved 1069056K
  class space    used 2282K, capacity 2451K, committed 2560K, reserved 1048576K
}

